<?xml version="1.0" encoding="UTF-8"?>
<!-- Generated by org.testng.reporters.JUnitReportReporter -->
<testsuite hostname="macbook-pro" failures="0" tests="1" name="Tests.HomeTest" time="0.181" errors="0" timestamp="2023-08-16T06:08:33 EEST" skipped="0">
  <testcase classname="Tests.HomeTest" name="UserCanAddItemToCart" time="0.181"/>
</testsuite> <!-- Tests.HomeTest -->
