<?xml version="1.0" encoding="UTF-8"?>
<!-- Generated by org.testng.reporters.JUnitReportReporter -->
<testsuite hostname="macbook-pro" failures="0" tests="1" name="Tests.OverViewTest" time="0.237" errors="0" timestamp="2023-08-16T11:48:43 EEST" skipped="0">
  <testcase classname="Tests.OverViewTest" name="UserAddInfo" time="0.237"/>
</testsuite> <!-- Tests.OverViewTest -->
