<?xml version="1.0" encoding="UTF-8"?>
<!-- Generated by org.testng.reporters.JUnitReportReporter -->
<testsuite hostname="macbook-pro" failures="0" tests="1" name="Tests.LoginTest" time="1.466" errors="0" timestamp="2023-08-16T05:57:20 EEST" skipped="0">
  <testcase classname="Tests.LoginTest" name="UserCanLogin" time="1.466"/>
</testsuite> <!-- Tests.LoginTest -->
