<?xml version="1.0" encoding="UTF-8"?>
<!-- Generated by org.testng.reporters.JUnitReportReporter -->
<testsuite hostname="macbook-pro" failures="0" tests="1" name="Tests.CartTest" time="0.079" errors="0" timestamp="2023-08-16T06:20:38 EEST" skipped="0">
  <testcase classname="Tests.CartTest" name="UserCanAddItemToCart" time="0.079"/>
</testsuite> <!-- Tests.CartTest -->
