<?xml version="1.0" encoding="UTF-8"?>
<!-- Generated by org.testng.reporters.JUnitReportReporter -->
<testsuite hostname="macbook-pro" failures="0" tests="1" name="Tests.InformationTest" time="0.665" errors="0" timestamp="2023-08-16T06:31:36 EEST" skipped="0">
  <testcase classname="Tests.InformationTest" name="UserAddInfo" time="0.665"/>
</testsuite> <!-- Tests.InformationTest -->
